<?xml version="1.0" encoding="UTF-8"?>
<testsuite xmlns:xsi="http://www.w3.org/2001/XMLSchema-instance" xsi:noNamespaceSchemaLocation="https://maven.apache.org/surefire/maven-surefire-plugin/xsd/surefire-test-report.xsd" name="com.yjcxyx.oa.flow.ApplicationServiceTest" time="1.585" tests="3" errors="0" skipped="0" failures="0">
  <properties>
    <property name="sun.desktop" value="windows"/>
    <property name="awt.toolkit" value="sun.awt.windows.WToolkit"/>
    <property name="file.encoding.pkg" value="sun.io"/>
    <property name="java.specification.version" value="1.8"/>
    <property name="sun.cpu.isalist" value="amd64"/>
    <property name="sun.jnu.encoding" value="GBK"/>
    <property name="java.class.path" value="D:\development\workspace\oa-parent\oa-flow\target\test-classes;D:\development\workspace\oa-parent\oa-flow\target\classes;C:\Users\jcyang\.m2\repository\org\springframework\spring-core\3.2.8.RELEASE\spring-core-3.2.8.RELEASE.jar;C:\Users\jcyang\.m2\repository\commons-logging\commons-logging\1.1.3\commons-logging-1.1.3.jar;C:\Users\jcyang\.m2\repository\org\springframework\spring-webmvc\3.2.8.RELEASE\spring-webmvc-3.2.8.RELEASE.jar;C:\Users\jcyang\.m2\repository\org\springframework\spring-beans\3.2.8.RELEASE\spring-beans-3.2.8.RELEASE.jar;C:\Users\jcyang\.m2\repository\org\springframework\spring-expression\3.2.8.RELEASE\spring-expression-3.2.8.RELEASE.jar;C:\Users\jcyang\.m2\repository\org\springframework\spring-context\3.2.8.RELEASE\spring-context-3.2.8.RELEASE.jar;C:\Users\jcyang\.m2\repository\org\springframework\spring-context-support\3.2.8.RELEASE\spring-context-support-3.2.8.RELEASE.jar;C:\Users\jcyang\.m2\repository\org\springframework\spring-aop\3.2.8.RELEASE\spring-aop-3.2.8.RELEASE.jar;C:\Users\jcyang\.m2\repository\aopalliance\aopalliance\1.0\aopalliance-1.0.jar;C:\Users\jcyang\.m2\repository\org\springframework\spring-aspects\3.2.8.RELEASE\spring-aspects-3.2.8.RELEASE.jar;C:\Users\jcyang\.m2\repository\org\aspectj\aspectjweaver\1.7.4\aspectjweaver-1.7.4.jar;C:\Users\jcyang\.m2\repository\org\springframework\spring-tx\3.2.8.RELEASE\spring-tx-3.2.8.RELEASE.jar;C:\Users\jcyang\.m2\repository\org\springframework\spring-jdbc\3.2.8.RELEASE\spring-jdbc-3.2.8.RELEASE.jar;C:\Users\jcyang\.m2\repository\org\springframework\spring-web\3.2.8.RELEASE\spring-web-3.2.8.RELEASE.jar;C:\Users\jcyang\.m2\repository\junit\junit\4.12\junit-4.12.jar;C:\Users\jcyang\.m2\repository\org\hamcrest\hamcrest-core\1.3\hamcrest-core-1.3.jar;C:\Users\jcyang\.m2\repository\org\springframework\spring-test\3.2.8.RELEASE\spring-test-3.2.8.RELEASE.jar;C:\Users\jcyang\.m2\repository\log4j\log4j\1.2.12\log4j-1.2.12.jar;C:\Users\jcyang\.m2\repository\org\slf4j\slf4j-api\1.6.6\slf4j-api-1.6.6.jar;C:\Users\jcyang\.m2\repository\org\slf4j\slf4j-log4j12\1.6.6\slf4j-log4j12-1.6.6.jar;C:\Users\jcyang\.m2\repository\org\mybatis\mybatis\3.2.1\mybatis-3.2.1.jar;C:\Users\jcyang\.m2\repository\org\mybatis\mybatis-spring\1.2.0\mybatis-spring-1.2.0.jar;C:\Users\jcyang\.m2\repository\mysql\mysql-connector-java\5.1.29\mysql-connector-java-5.1.29.jar;C:\Users\jcyang\.m2\repository\org\projectlombok\lombok\1.18.20\lombok-1.18.20.jar;"/>
    <property name="java.vm.vendor" value="Oracle Corporation"/>
    <property name="sun.arch.data.model" value="64"/>
    <property name="user.variant" value=""/>
    <property name="java.vendor.url" value="http://java.oracle.com/"/>
    <property name="user.timezone" value="Asia/Shanghai"/>
    <property name="java.vm.specification.version" value="1.8"/>
    <property name="os.name" value="Windows 10"/>
    <property name="user.country" value="CN"/>
    <property name="sun.java.launcher" value="SUN_STANDARD"/>
    <property name="sun.boot.library.path" value="D:\jdk1.8.0_261\jre\bin"/>
    <property name="sun.java.command" value="C:\Users\jcyang\AppData\Local\Temp\surefire7325086130194751553\surefirebooter8575955410663339705.jar C:\Users\jcyang\AppData\Local\Temp\surefire7325086130194751553 2021-09-30T10-15-09_234-jvmRun1 surefire447427392187839676tmp surefire_24091390302281479875tmp"/>
    <property name="surefire.test.class.path" value="D:\development\workspace\oa-parent\oa-flow\target\test-classes;D:\development\workspace\oa-parent\oa-flow\target\classes;C:\Users\jcyang\.m2\repository\org\springframework\spring-core\3.2.8.RELEASE\spring-core-3.2.8.RELEASE.jar;C:\Users\jcyang\.m2\repository\commons-logging\commons-logging\1.1.3\commons-logging-1.1.3.jar;C:\Users\jcyang\.m2\repository\org\springframework\spring-webmvc\3.2.8.RELEASE\spring-webmvc-3.2.8.RELEASE.jar;C:\Users\jcyang\.m2\repository\org\springframework\spring-beans\3.2.8.RELEASE\spring-beans-3.2.8.RELEASE.jar;C:\Users\jcyang\.m2\repository\org\springframework\spring-expression\3.2.8.RELEASE\spring-expression-3.2.8.RELEASE.jar;C:\Users\jcyang\.m2\repository\org\springframework\spring-context\3.2.8.RELEASE\spring-context-3.2.8.RELEASE.jar;C:\Users\jcyang\.m2\repository\org\springframework\spring-context-support\3.2.8.RELEASE\spring-context-support-3.2.8.RELEASE.jar;C:\Users\jcyang\.m2\repository\org\springframework\spring-aop\3.2.8.RELEASE\spring-aop-3.2.8.RELEASE.jar;C:\Users\jcyang\.m2\repository\aopalliance\aopalliance\1.0\aopalliance-1.0.jar;C:\Users\jcyang\.m2\repository\org\springframework\spring-aspects\3.2.8.RELEASE\spring-aspects-3.2.8.RELEASE.jar;C:\Users\jcyang\.m2\repository\org\aspectj\aspectjweaver\1.7.4\aspectjweaver-1.7.4.jar;C:\Users\jcyang\.m2\repository\org\springframework\spring-tx\3.2.8.RELEASE\spring-tx-3.2.8.RELEASE.jar;C:\Users\jcyang\.m2\repository\org\springframework\spring-jdbc\3.2.8.RELEASE\spring-jdbc-3.2.8.RELEASE.jar;C:\Users\jcyang\.m2\repository\org\springframework\spring-web\3.2.8.RELEASE\spring-web-3.2.8.RELEASE.jar;C:\Users\jcyang\.m2\repository\junit\junit\4.12\junit-4.12.jar;C:\Users\jcyang\.m2\repository\org\hamcrest\hamcrest-core\1.3\hamcrest-core-1.3.jar;C:\Users\jcyang\.m2\repository\org\springframework\spring-test\3.2.8.RELEASE\spring-test-3.2.8.RELEASE.jar;C:\Users\jcyang\.m2\repository\log4j\log4j\1.2.12\log4j-1.2.12.jar;C:\Users\jcyang\.m2\repository\org\slf4j\slf4j-api\1.6.6\slf4j-api-1.6.6.jar;C:\Users\jcyang\.m2\repository\org\slf4j\slf4j-log4j12\1.6.6\slf4j-log4j12-1.6.6.jar;C:\Users\jcyang\.m2\repository\org\mybatis\mybatis\3.2.1\mybatis-3.2.1.jar;C:\Users\jcyang\.m2\repository\org\mybatis\mybatis-spring\1.2.0\mybatis-spring-1.2.0.jar;C:\Users\jcyang\.m2\repository\mysql\mysql-connector-java\5.1.29\mysql-connector-java-5.1.29.jar;C:\Users\jcyang\.m2\repository\org\projectlombok\lombok\1.18.20\lombok-1.18.20.jar;"/>
    <property name="sun.cpu.endian" value="little"/>
    <property name="user.home" value="C:\Users\jcyang"/>
    <property name="user.language" value="zh"/>
    <property name="java.specification.vendor" value="Oracle Corporation"/>
    <property name="java.home" value="D:\jdk1.8.0_261\jre"/>
    <property name="basedir" value="D:\development\workspace\oa-parent\oa-flow"/>
    <property name="file.separator" value="\"/>
    <property name="line.separator" value="&#10;"/>
    <property name="java.vm.specification.vendor" value="Oracle Corporation"/>
    <property name="java.specification.name" value="Java Platform API Specification"/>
    <property name="java.awt.graphicsenv" value="sun.awt.Win32GraphicsEnvironment"/>
    <property name="surefire.real.class.path" value="C:\Users\jcyang\AppData\Local\Temp\surefire7325086130194751553\surefirebooter8575955410663339705.jar"/>
    <property name="sun.boot.class.path" value="D:\jdk1.8.0_261\jre\lib\resources.jar;D:\jdk1.8.0_261\jre\lib\rt.jar;D:\jdk1.8.0_261\jre\lib\sunrsasign.jar;D:\jdk1.8.0_261\jre\lib\jsse.jar;D:\jdk1.8.0_261\jre\lib\jce.jar;D:\jdk1.8.0_261\jre\lib\charsets.jar;D:\jdk1.8.0_261\jre\lib\jfr.jar;D:\jdk1.8.0_261\jre\classes"/>
    <property name="user.script" value=""/>
    <property name="sun.management.compiler" value="HotSpot 64-Bit Tiered Compilers"/>
    <property name="java.runtime.version" value="1.8.0_261-b12"/>
    <property name="user.name" value="jcyang"/>
    <property name="path.separator" value=";"/>
    <property name="os.version" value="10.0"/>
    <property name="java.endorsed.dirs" value="D:\jdk1.8.0_261\jre\lib\endorsed"/>
    <property name="java.runtime.name" value="Java(TM) SE Runtime Environment"/>
    <property name="file.encoding" value="GBK"/>
    <property name="java.vm.name" value="Java HotSpot(TM) 64-Bit Server VM"/>
    <property name="localRepository" value="C:\Users\jcyang\.m2\repository"/>
    <property name="java.vendor.url.bug" value="http://bugreport.sun.com/bugreport/"/>
    <property name="java.io.tmpdir" value="C:\Users\jcyang\AppData\Local\Temp\"/>
    <property name="java.version" value="1.8.0_261"/>
    <property name="user.dir" value="D:\development\workspace\oa-parent\oa-flow"/>
    <property name="os.arch" value="amd64"/>
    <property name="java.vm.specification.name" value="Java Virtual Machine Specification"/>
    <property name="java.awt.printerjob" value="sun.awt.windows.WPrinterJob"/>
    <property name="sun.os.patch.level" value=""/>
    <property name="java.library.path" value="D:\jdk1.8.0_261\jre\bin;C:\WINDOWS\Sun\Java\bin;C:\WINDOWS\system32;C:\WINDOWS;D:\Git\mingw64\bin;D:\Git\usr\bin;C:\Users\jcyang\bin;D:\jdk1.8.0_261\bin;D:\jdk1.8.0_261\jre\bin;C:\Program Files (x86)\Common Files\Oracle\Java\javapath;C:\WINDOWS\system32;C:\WINDOWS;C:\WINDOWS\System32\Wbem;C:\WINDOWS\System32\WindowsPowerShell\v1.0;C:\WINDOWS\System32\OpenSSH;D:\apache-maven-3.6.3\bin;D:\mysql-8.0.21-winx64\bin;D:\apache-tomcat-8.5.57\bin;D:\apache-tomcat-8.5.57\lib;D:\instantclient_19_8;D:\TortoiseSVN\bin;C:\Program Files\MySQL\MySQL Utilities 1.6;C:\Users\jcyang\AppData\Local\Microsoft\WindowsApps;D:\SSH Communications Security\SSH Secure Shell;D:\Git\usr\bin;D:\Git\mingw64\libexec\git-core;D:\Git\mingw64\bin;."/>
    <property name="java.vm.info" value="mixed mode"/>
    <property name="java.vendor" value="Oracle Corporation"/>
    <property name="java.vm.version" value="25.261-b12"/>
    <property name="java.ext.dirs" value="D:\jdk1.8.0_261\jre\lib\ext;C:\WINDOWS\Sun\Java\lib\ext"/>
    <property name="sun.io.unicode.encoding" value="UnicodeLittle"/>
    <property name="java.class.version" value="52.0"/>
  </properties>
  <testcase name="testFindById" classname="com.yjcxyx.oa.flow.ApplicationServiceTest" time="1.122"/>
  <testcase name="testCreate" classname="com.yjcxyx.oa.flow.ApplicationServiceTest" time="0.079"/>
  <testcase name="testDelete" classname="com.yjcxyx.oa.flow.ApplicationServiceTest" time="0.137"/>
</testsuite>